<?xml version="1.0" encoding="UTF-8"?>
<!-- Generated by org.testng.reporters.JUnitReportReporter -->
<testsuite skipped="0" hostname="KS-SUHAS-PC" name="TestNG.TestNGClass" tests="3" failures="0" timestamp="2022-07-23T18:31:06 IST" time="0.020" errors="0">
  <testcase name="Test1" time="0.020" classname="TestNG.TestNGClass"/>
  <system-out/>
  <testcase name="Test3" time="0.000" classname="TestNG.TestNGClass"/>
  <system-out/>
  <testcase name="Test2" time="0.000" classname="TestNG.TestNGClass"/>
  <system-out/>
</testsuite> <!-- TestNG.TestNGClass -->
